0 info it worked if it ends with ok
1 verbose cli [ '/usr/local/bin/node', '/usr/local/bin/npm', 'publish', '.' ]
2 info using npm@1.4.3
3 info using node@v0.10.26
4 verbose publish [ '.' ]
5 verbose cache add [ '.', null ]
6 verbose cache add name=undefined spec="." args=[".",null]
7 verbose parsed url { protocol: null,
7 verbose parsed url   slashes: null,
7 verbose parsed url   auth: null,
7 verbose parsed url   host: null,
7 verbose parsed url   port: null,
7 verbose parsed url   hostname: null,
7 verbose parsed url   hash: null,
7 verbose parsed url   search: null,
7 verbose parsed url   query: null,
7 verbose parsed url   pathname: '.',
7 verbose parsed url   path: '.',
7 verbose parsed url   href: '.' }
8 silly lockFile 3a52ce78- .
9 verbose lock . /Users/nagalab/.npm/3a52ce78-.lock
10 verbose tar pack [ '/var/folders/6_/v1jmly5n577dq3htq2fcv_800000gn/T/npm-22023-GNAD0xeS/1399891424490-0.1384021514095366/tmp.tgz',
10 verbose tar pack   '.' ]
11 verbose tarball /var/folders/6_/v1jmly5n577dq3htq2fcv_800000gn/T/npm-22023-GNAD0xeS/1399891424490-0.1384021514095366/tmp.tgz
12 verbose folder .
13 info prepublish bamreader@0.0.7
14 silly lockFile 1f1177db-tar tar://.
15 verbose lock tar://. /Users/nagalab/.npm/1f1177db-tar.lock
16 silly lockFile 80c71f8b-24490-0-1384021514095366-tmp-tgz tar:///var/folders/6_/v1jmly5n577dq3htq2fcv_800000gn/T/npm-22023-GNAD0xeS/1399891424490-0.1384021514095366/tmp.tgz
17 verbose lock tar:///var/folders/6_/v1jmly5n577dq3htq2fcv_800000gn/T/npm-22023-GNAD0xeS/1399891424490-0.1384021514095366/tmp.tgz /Users/nagalab/.npm/80c71f8b-24490-0-1384021514095366-tmp-tgz.lock
18 silly lockFile 1f1177db-tar tar://.
19 silly lockFile 1f1177db-tar tar://.
20 silly lockFile 80c71f8b-24490-0-1384021514095366-tmp-tgz tar:///var/folders/6_/v1jmly5n577dq3htq2fcv_800000gn/T/npm-22023-GNAD0xeS/1399891424490-0.1384021514095366/tmp.tgz
21 silly lockFile 80c71f8b-24490-0-1384021514095366-tmp-tgz tar:///var/folders/6_/v1jmly5n577dq3htq2fcv_800000gn/T/npm-22023-GNAD0xeS/1399891424490-0.1384021514095366/tmp.tgz
22 verbose tar unpack /var/folders/6_/v1jmly5n577dq3htq2fcv_800000gn/T/npm-22023-GNAD0xeS/1399891424490-0.1384021514095366/tmp.tgz
23 silly lockFile b0b7d213-24490-0-1384021514095366-package tar:///var/folders/6_/v1jmly5n577dq3htq2fcv_800000gn/T/npm-22023-GNAD0xeS/1399891424490-0.1384021514095366/package
24 verbose lock tar:///var/folders/6_/v1jmly5n577dq3htq2fcv_800000gn/T/npm-22023-GNAD0xeS/1399891424490-0.1384021514095366/package /Users/nagalab/.npm/b0b7d213-24490-0-1384021514095366-package.lock
25 silly lockFile 80c71f8b-24490-0-1384021514095366-tmp-tgz tar:///var/folders/6_/v1jmly5n577dq3htq2fcv_800000gn/T/npm-22023-GNAD0xeS/1399891424490-0.1384021514095366/tmp.tgz
26 verbose lock tar:///var/folders/6_/v1jmly5n577dq3htq2fcv_800000gn/T/npm-22023-GNAD0xeS/1399891424490-0.1384021514095366/tmp.tgz /Users/nagalab/.npm/80c71f8b-24490-0-1384021514095366-tmp-tgz.lock
27 silly gunzTarPerm modes [ '755', '644' ]
28 silly gunzTarPerm extractEntry package.json
29 silly gunzTarPerm extractEntry .npmignore
30 silly gunzTarPerm extractEntry README.md
31 silly gunzTarPerm extractEntry Gruntfile.coffee
32 silly gunzTarPerm extractEntry MIT-LICENSE
33 silly gunzTarPerm extractEntry lib/bamreader.js
34 silly gunzTarPerm extractEntry lib/bamreader/bamreader.js
35 silly gunzTarPerm extractEntry src/bamreader.coffee
36 silly lockFile b0b7d213-24490-0-1384021514095366-package tar:///var/folders/6_/v1jmly5n577dq3htq2fcv_800000gn/T/npm-22023-GNAD0xeS/1399891424490-0.1384021514095366/package
37 silly lockFile b0b7d213-24490-0-1384021514095366-package tar:///var/folders/6_/v1jmly5n577dq3htq2fcv_800000gn/T/npm-22023-GNAD0xeS/1399891424490-0.1384021514095366/package
38 silly lockFile 80c71f8b-24490-0-1384021514095366-tmp-tgz tar:///var/folders/6_/v1jmly5n577dq3htq2fcv_800000gn/T/npm-22023-GNAD0xeS/1399891424490-0.1384021514095366/tmp.tgz
39 silly lockFile 80c71f8b-24490-0-1384021514095366-tmp-tgz tar:///var/folders/6_/v1jmly5n577dq3htq2fcv_800000gn/T/npm-22023-GNAD0xeS/1399891424490-0.1384021514095366/tmp.tgz
40 verbose tar pack [ '/Users/nagalab/.npm/bamreader/0.0.7/package.tgz',
40 verbose tar pack   '/var/folders/6_/v1jmly5n577dq3htq2fcv_800000gn/T/npm-22023-GNAD0xeS/1399891424490-0.1384021514095366/package' ]
41 verbose tarball /Users/nagalab/.npm/bamreader/0.0.7/package.tgz
42 verbose folder /var/folders/6_/v1jmly5n577dq3htq2fcv_800000gn/T/npm-22023-GNAD0xeS/1399891424490-0.1384021514095366/package
43 silly lockFile b0b7d213-24490-0-1384021514095366-package tar:///var/folders/6_/v1jmly5n577dq3htq2fcv_800000gn/T/npm-22023-GNAD0xeS/1399891424490-0.1384021514095366/package
44 verbose lock tar:///var/folders/6_/v1jmly5n577dq3htq2fcv_800000gn/T/npm-22023-GNAD0xeS/1399891424490-0.1384021514095366/package /Users/nagalab/.npm/b0b7d213-24490-0-1384021514095366-package.lock
45 silly lockFile d80288af--npm-bamreader-0-0-7-package-tgz tar:///Users/nagalab/.npm/bamreader/0.0.7/package.tgz
46 verbose lock tar:///Users/nagalab/.npm/bamreader/0.0.7/package.tgz /Users/nagalab/.npm/d80288af--npm-bamreader-0-0-7-package-tgz.lock
47 silly lockFile b0b7d213-24490-0-1384021514095366-package tar:///var/folders/6_/v1jmly5n577dq3htq2fcv_800000gn/T/npm-22023-GNAD0xeS/1399891424490-0.1384021514095366/package
48 silly lockFile b0b7d213-24490-0-1384021514095366-package tar:///var/folders/6_/v1jmly5n577dq3htq2fcv_800000gn/T/npm-22023-GNAD0xeS/1399891424490-0.1384021514095366/package
49 silly lockFile d80288af--npm-bamreader-0-0-7-package-tgz tar:///Users/nagalab/.npm/bamreader/0.0.7/package.tgz
50 silly lockFile d80288af--npm-bamreader-0-0-7-package-tgz tar:///Users/nagalab/.npm/bamreader/0.0.7/package.tgz
51 silly lockFile fc358041-alab-npm-bamreader-0-0-7-package /Users/nagalab/.npm/bamreader/0.0.7/package
52 verbose lock /Users/nagalab/.npm/bamreader/0.0.7/package /Users/nagalab/.npm/fc358041-alab-npm-bamreader-0-0-7-package.lock
53 silly lockFile fc358041-alab-npm-bamreader-0-0-7-package /Users/nagalab/.npm/bamreader/0.0.7/package
54 silly lockFile fc358041-alab-npm-bamreader-0-0-7-package /Users/nagalab/.npm/bamreader/0.0.7/package
55 verbose tar unpack /Users/nagalab/.npm/bamreader/0.0.7/package.tgz
56 silly lockFile 69fc7a66-alab-npm-bamreader-0-0-7-package tar:///Users/nagalab/.npm/bamreader/0.0.7/package
57 verbose lock tar:///Users/nagalab/.npm/bamreader/0.0.7/package /Users/nagalab/.npm/69fc7a66-alab-npm-bamreader-0-0-7-package.lock
58 silly lockFile d80288af--npm-bamreader-0-0-7-package-tgz tar:///Users/nagalab/.npm/bamreader/0.0.7/package.tgz
59 verbose lock tar:///Users/nagalab/.npm/bamreader/0.0.7/package.tgz /Users/nagalab/.npm/d80288af--npm-bamreader-0-0-7-package-tgz.lock
60 silly gunzTarPerm modes [ '755', '644' ]
61 silly gunzTarPerm extractEntry package.json
62 silly gunzTarPerm extractEntry .npmignore
63 silly gunzTarPerm extractEntry README.md
64 silly gunzTarPerm extractEntry Gruntfile.coffee
65 silly gunzTarPerm extractEntry MIT-LICENSE
66 silly gunzTarPerm extractEntry lib/bamreader.js
67 silly gunzTarPerm extractEntry lib/bamreader/bamreader.js
68 silly gunzTarPerm extractEntry src/bamreader.coffee
69 silly lockFile 69fc7a66-alab-npm-bamreader-0-0-7-package tar:///Users/nagalab/.npm/bamreader/0.0.7/package
70 silly lockFile 69fc7a66-alab-npm-bamreader-0-0-7-package tar:///Users/nagalab/.npm/bamreader/0.0.7/package
71 silly lockFile d80288af--npm-bamreader-0-0-7-package-tgz tar:///Users/nagalab/.npm/bamreader/0.0.7/package.tgz
72 silly lockFile d80288af--npm-bamreader-0-0-7-package-tgz tar:///Users/nagalab/.npm/bamreader/0.0.7/package.tgz
73 verbose chmod /Users/nagalab/.npm/bamreader/0.0.7/package.tgz 644
74 verbose chown /Users/nagalab/.npm/bamreader/0.0.7/package.tgz [ 501, 20 ]
75 silly lockFile 3a52ce78- .
76 silly lockFile 3a52ce78- .
77 silly publish { name: 'bamreader',
77 silly publish   version: '0.0.7',
77 silly publish   description: 'an object reading bams',
77 silly publish   homepage: 'http://github.com/shinout/bamreader',
77 silly publish   author: { name: 'Shin Suzuki', email: 'shinout310@gmail.com' },
77 silly publish   keywords:
77 silly publish    [ 'bam',
77 silly publish      'bioinfo',
77 silly publish      'bio',
77 silly publish      'sam',
77 silly publish      'samtools',
77 silly publish      'ngs',
77 silly publish      'sequencer',
77 silly publish      'mapping' ],
77 silly publish   main: 'lib/bamreader.js',
77 silly publish   engines: { node: '>= 0.8.0' },
77 silly publish   dependencies: { linestream: '>= 0.3.2', termcolor: '>= 0.2.0' },
77 silly publish   devDependencies:
77 silly publish    { 'coffee-script': '>= 1.7.1',
77 silly publish      grunt: '^0.4.4',
77 silly publish      'grunt-contrib-coffee': '^0.10.1' },
77 silly publish   repository: { type: 'git', url: 'http://github.com/shinout/bamreader' },
77 silly publish   bugs: { url: 'http://github.com/shinout/bamreader/issues' },
77 silly publish   licenses:
77 silly publish    [ { type: 'MIT',
77 silly publish        url: 'http://github.com/shinout/bamreader/blob/master/MIT-LICENSE' } ],
77 silly publish   readme: 'BAMReader\n==========\nBAMReader is a reader to parse .bam files.\nUses samtools If exists, otherwise uses a native parser.\n\ninstallation\n----------------\n```bash\n$ npm install bamreader\n```\n\nusage\n-------------\n```js\nvar BAMReader = require("bamreader");\nvar reader = BAMReader.create("/path/to/bamfile.bam");\nreader.on("bam", function(bamdata) {\n  // bamdata: object. see "bamdata" section\n  console.log(bamdata.seq, bamdata.qual);\n});\n\nreader.on("sam", function(samline) {\n  // samline: sam string\n  console.log(samline.split("\\t"));\n});\n\nreader.on("end", function() {\n  console.log("all bam alignments have read.");\n});\n```\noptions for BAMReader.create\n----------------------------\n- native : read bam without samtools (slower than using samtools)\n\nbamdata\n------------------\n- qname   : name of the read\n- flag    : bitwise flag\n- rname   : reference sequence rname\n- pos     : 1-based leftmost mapping position\n- mapq    : mapping quality\n- cigar   : CIGAR string\n- rnext   : reference sequence name of the primary alignment of the next read\n- pnext   : position of the primary alignment of the next read\n- tlen    : template length\n- seq     : segment jsequence\n- qual    : ASCII of base quality plus 33\n- start   : 0-based leftmost mapping position\n- flags   : information of flags\n- tagstr  : optional fields as string\n- tags    : optional fields as structured data described in "bamdata.tags" section\n\nbamdata.tags\n------------------\n- (key): tag name (two string character)\n- (value): type: data type, value: data\n\nif data type is "B", value[0] is subtype, value.slice(1) is the array of data.\n',
77 silly publish   readmeFilename: 'README.md',
77 silly publish   _id: 'bamreader@0.0.7',
77 silly publish   dist: { shasum: '5b8819de5f3937ebdc410950866da5693a4c2e81' },
77 silly publish   _from: '.' }
78 verbose url raw bamreader
79 verbose url resolving [ 'https://registry.npmjs.org/', './bamreader' ]
80 verbose url resolved https://registry.npmjs.org/bamreader
81 info trying registry request attempt 1 at 19:43:44
82 http PUT https://registry.npmjs.org/bamreader
83 http 403 https://registry.npmjs.org/bamreader
84 error publish Failed PUT 403
85 error Error: forbidden cannot modify pre-existing version: 0.0.7
85 error old={"name":"bamreader","version":"0.0.7","description":"an object reading bams","homepage":"http://github.com/shinout/bamreader","author":{"name":"Shin Suzuki","email":"shinout310@gmail.com"},"keywords":["bam","bioinfo","bio","sam","samtools","ngs","sequencer","mapping"],"main":"lib/bamreader.js","engines":{"node":">= 0.8.0"},"dependencies":{"linestream":">= 0.3.2","termcolor":">= 0.2.0"},"devDependencies":{"coffee-script":">= 1.7.1","grunt":"^0.4.4","grunt-contrib-coffee":"^0.10.1"},"repository":{"type":"git","url":"http://github.com/shinout/bamreader"},"bugs":{"url":"http://github.com/shinout/bamreader/issues"},"licenses":[{"type":"MIT","url":"http://github.com/shinout/bamreader/blob/master/MIT-LICENSE"}],"_id":"bamreader@0.0.7","dist":{"shasum":"2cd9c2ad8acf284bc53d3908258ba907c2142486","tarball":"http://registry.npmjs.org/bamreader/-/bamreader-0.0.7.tgz"},"_from":".","_npmVersion":"1.4.3","_npmUser":{"name":"shinout","email":"shinout310@gmail.com"},"maintainers":[{"name":"shinout","email":"shinout310@gmail.com"}]}
85 error new={"name":"bamreader","version":"0.0.7","description":"an object reading bams","homepage":"http://github.com/shinout/bamreader","author":{"name":"Shin Suzuki","email":"shinout310@gmail.com"},"keywords":["bam","bioinfo","bio","sam","samtools","ngs","sequencer","mapping"],"main":"lib/bamreader.js","engines":{"node":">= 0.8.0"},"dependencies":{"linestream":">= 0.3.2","termcolor":">= 0.2.0"},"devDependencies":{"coffee-script":">= 1.7.1","grunt":"^0.4.4","grunt-contrib-coffee":"^0.10.1"},"repository":{"type":"git","url":"http://github.com/shinout/bamreader"},"bugs":{"url":"http://github.com/shinout/bamreader/issues"},"licenses":[{"type":"MIT","url":"http://github.com/shinout/bamreader/blob/master/MIT-LICENSE"}],"readme":"BAMReader\u000a==========\u000aBAMReader is a reader to parse .bam files.\u000aUses samtools If exists, otherwise uses a native parser.\u000a\u000ainstallation\u000a----------------\u000a```bash\u000a$ npm install bamreader\u000a```\u000a\u000ausage\u000a-------------\u000a```js\u000avar BAMReader = require(\"bamreader\");\u000avar reader = BAMReader.create(\"/path/to/bamfile.bam\");\u000areader.on(\"bam\", function(bamdata) {\u000a  // bamdata: object. see \"bamdata\" section\u000a  console.log(bamdata.seq, bamdata.qual);\u000a});\u000a\u000areader.on(\"sam\", function(samline) {\u000a  // samline: sam string\u000a  console.log(samline.split(\"\\t\"));\u000a});\u000a\u000areader.on(\"end\", function() {\u000a  console.log(\"all bam alignments have read.\");\u000a});\u000a```\u000aoptions for BAMReader.create\u000a----------------------------\u000a- native : read bam without samtools (slower than using samtools)\u000a\u000abamdata\u000a------------------\u000a- qname   : name of the read\u000a- flag    : bitwise flag\u000a- rname   : reference sequence rname\u000a- pos     : 1-based leftmost mapping position\u000a- mapq    : mapping quality\u000a- cigar   : CIGAR string\u000a- rnext   : reference sequence name of the primary alignment of the next read\u000a- pnext   : position of the primary alignment of the next read\u000a- tlen    : template length\u000a- seq     : segment jsequence\u000a- qual    : ASCII of base quality plus 33\u000a- start   : 0-based leftmost mapping position\u000a- flags   : information of flags\u000a- tagstr  : optional fields as string\u000a- tags    : optional fields as structured data described in \"bamdata.tags\" section\u000a\u000abamdata.tags\u000a------------------\u000a- (key): tag name (two string character)\u000a- (value): type: data type, value: data\u000a\u000aif data type is \"B\", value[0] is subtype, value.slice(1) is the array of data.\u000a","readmeFilename":"README.md","_id":"bamreader@0.0.7","dist":{"shasum":"5b8819de5f3937ebdc410950866da5693a4c2e81","tarball":"http://registry.npmjs.org/bamreader/-/bamreader-0.0.7.tgz"},"_from":".","_npmVersion":"1.4.3","_npmUser":{"name":"shinout","email":"shinout310@gmail.com"},"maintainers":[{"name":"shinout","email":"shinout310@gmail.com"}]}: bamreader
85 error     at RegClient.<anonymous> (/usr/local/lib/node_modules/npm/node_modules/npm-registry-client/lib/request.js:237:14)
85 error     at Request.self.callback (/usr/local/lib/node_modules/npm/node_modules/request/request.js:123:22)
85 error     at Request.EventEmitter.emit (events.js:98:17)
85 error     at Request.<anonymous> (/usr/local/lib/node_modules/npm/node_modules/request/request.js:893:14)
85 error     at Request.EventEmitter.emit (events.js:117:20)
85 error     at IncomingMessage.<anonymous> (/usr/local/lib/node_modules/npm/node_modules/request/request.js:844:12)
85 error     at IncomingMessage.EventEmitter.emit (events.js:117:20)
85 error     at _stream_readable.js:920:16
85 error     at process._tickCallback (node.js:415:13)
86 error If you need help, you may report this *entire* log,
86 error including the npm and node versions, at:
86 error     <http://github.com/npm/npm/issues>
87 error System Darwin 13.1.0
88 error command "/usr/local/bin/node" "/usr/local/bin/npm" "publish" "."
89 error cwd /Users/nagalab/node_modules/selfpackages/bamreader
90 error node -v v0.10.26
91 error npm -v 1.4.3
92 verbose exit [ 1, true ]
